02-Oct-2014 15:56:48.477 INFO [main] org.apache.catalina.startup.VersionLoggerListener.log Server version: Apache Tomcat/8.0.14
02-Oct-2014 15:56:48.479 INFO [main] org.apache.catalina.startup.VersionLoggerListener.log Server built:   Sep 24 2014 09:01:51
02-Oct-2014 15:56:48.479 INFO [main] org.apache.catalina.startup.VersionLoggerListener.log Server number:  8.0.14.0
02-Oct-2014 15:56:48.479 INFO [main] org.apache.catalina.startup.VersionLoggerListener.log OS Name:        Mac OS X
02-Oct-2014 15:56:48.479 INFO [main] org.apache.catalina.startup.VersionLoggerListener.log OS Version:     10.9.2
02-Oct-2014 15:56:48.479 INFO [main] org.apache.catalina.startup.VersionLoggerListener.log Architecture:   x86_64
02-Oct-2014 15:56:48.480 INFO [main] org.apache.catalina.startup.VersionLoggerListener.log JVM Version:    1.7.0_45-b18
02-Oct-2014 15:56:48.480 INFO [main] org.apache.catalina.startup.VersionLoggerListener.log JVM Vendor:     Oracle Corporation
02-Oct-2014 15:56:49.079 INFO [main] org.apache.catalina.core.AprLifecycleListener.init The APR based Apache Tomcat Native library which allows optimal performance in production environments was not found on the java.library.path: /Applications/NetBeans/NetBeans 8.0.app/Contents/Resources/NetBeans/webcommon/bin::/Users/matetukacs/Library/Java/Extensions:/Library/Java/Extensions:/Network/Library/Java/Extensions:/System/Library/Java/Extensions:/usr/lib/java:.
02-Oct-2014 15:56:49.418 INFO [main] org.apache.coyote.AbstractProtocol.init Initializing ProtocolHandler ["http-nio-8080"]
02-Oct-2014 15:56:49.470 INFO [main] org.apache.tomcat.util.net.NioSelectorPool.getSharedSelector Using a shared selector for servlet write/read
02-Oct-2014 15:56:49.473 INFO [main] org.apache.coyote.AbstractProtocol.init Initializing ProtocolHandler ["ajp-nio-8009"]
02-Oct-2014 15:56:49.478 INFO [main] org.apache.tomcat.util.net.NioSelectorPool.getSharedSelector Using a shared selector for servlet write/read
02-Oct-2014 15:56:49.478 INFO [main] org.apache.catalina.startup.Catalina.load Initialization processed in 1219 ms
02-Oct-2014 15:56:49.539 INFO [main] org.apache.catalina.core.StandardService.startInternal Starting service Catalina
02-Oct-2014 15:56:49.539 INFO [main] org.apache.catalina.core.StandardEngine.startInternal Starting Servlet Engine: Apache Tomcat/8.0.14
02-Oct-2014 15:56:49.572 INFO [localhost-startStop-1] org.apache.catalina.startup.HostConfig.deployDirectory Deploying web application directory /Users/matetukacs/DevEnv/NetBeans/Hackathon_project/apache-tomcat-8.0.14/webapps/docs
02-Oct-2014 15:56:50.016 INFO [localhost-startStop-1] org.apache.catalina.startup.HostConfig.deployDirectory Deployment of web application directory /Users/matetukacs/DevEnv/NetBeans/Hackathon_project/apache-tomcat-8.0.14/webapps/docs has finished in 443 ms
02-Oct-2014 15:56:50.016 INFO [localhost-startStop-1] org.apache.catalina.startup.HostConfig.deployDirectory Deploying web application directory /Users/matetukacs/DevEnv/NetBeans/Hackathon_project/apache-tomcat-8.0.14/webapps/examples
02-Oct-2014 15:56:50.552 INFO [localhost-startStop-1] org.apache.catalina.startup.HostConfig.deployDirectory Deployment of web application directory /Users/matetukacs/DevEnv/NetBeans/Hackathon_project/apache-tomcat-8.0.14/webapps/examples has finished in 536 ms
02-Oct-2014 15:56:50.552 INFO [localhost-startStop-1] org.apache.catalina.startup.HostConfig.deployDirectory Deploying web application directory /Users/matetukacs/DevEnv/NetBeans/Hackathon_project/apache-tomcat-8.0.14/webapps/host-manager
02-Oct-2014 15:56:50.581 INFO [localhost-startStop-1] org.apache.catalina.startup.HostConfig.deployDirectory Deployment of web application directory /Users/matetukacs/DevEnv/NetBeans/Hackathon_project/apache-tomcat-8.0.14/webapps/host-manager has finished in 29 ms
02-Oct-2014 15:56:50.581 INFO [localhost-startStop-1] org.apache.catalina.startup.HostConfig.deployDirectory Deploying web application directory /Users/matetukacs/DevEnv/NetBeans/Hackathon_project/apache-tomcat-8.0.14/webapps/manager
02-Oct-2014 15:56:50.632 INFO [localhost-startStop-1] org.apache.catalina.startup.HostConfig.deployDirectory Deployment of web application directory /Users/matetukacs/DevEnv/NetBeans/Hackathon_project/apache-tomcat-8.0.14/webapps/manager has finished in 51 ms
02-Oct-2014 15:56:50.632 INFO [localhost-startStop-1] org.apache.catalina.startup.HostConfig.deployDirectory Deploying web application directory /Users/matetukacs/DevEnv/NetBeans/Hackathon_project/apache-tomcat-8.0.14/webapps/ROOT
02-Oct-2014 15:56:50.652 INFO [localhost-startStop-1] org.apache.catalina.startup.HostConfig.deployDirectory Deployment of web application directory /Users/matetukacs/DevEnv/NetBeans/Hackathon_project/apache-tomcat-8.0.14/webapps/ROOT has finished in 20 ms
02-Oct-2014 15:56:50.656 INFO [main] org.apache.coyote.AbstractProtocol.start Starting ProtocolHandler ["http-nio-8080"]
02-Oct-2014 15:56:50.664 INFO [main] org.apache.coyote.AbstractProtocol.start Starting ProtocolHandler ["ajp-nio-8009"]
02-Oct-2014 15:56:50.664 INFO [main] org.apache.catalina.startup.Catalina.start Server startup in 1186 ms
02-Oct-2014 15:59:07.565 INFO [http-nio-8080-exec-8] org.apache.catalina.startup.HostConfig.undeploy Undeploying context []
02-Oct-2014 15:59:12.737 INFO [http-nio-8080-exec-2] org.apache.catalina.startup.HostConfig.deployDescriptor Deploying configuration descriptor /Users/matetukacs/DevEnv/NetBeans/Hackathon_project/apache-tomcat-8.0.14/conf/Catalina/localhost/ROOT.xml
02-Oct-2014 15:59:12.741 WARNING [http-nio-8080-exec-2] org.apache.catalina.startup.SetContextPropertiesRule.begin [SetContextPropertiesRule]{Context} Setting property 'antiJARLocking' to 'true' did not find a matching property.
02-Oct-2014 15:59:12.814 INFO [http-nio-8080-exec-2] org.apache.catalina.startup.HostConfig.deployDescriptor Deployment of configuration descriptor /Users/matetukacs/DevEnv/NetBeans/Hackathon_project/apache-tomcat-8.0.14/conf/Catalina/localhost/ROOT.xml has finished in 77 ms
02-Oct-2014 15:59:12.825 INFO [http-nio-8080-exec-7] org.apache.catalina.util.LifecycleBase.start The start() method was called on component [StandardEngine[Catalina].StandardHost[localhost].StandardContext[]] after start() had already been called. The second call will be ignored.
